<?xml version="1.0" encoding="UTF-8"?>
<testng-results ignored="0" total="2" passed="2" failed="0" skipped="0">
  <reporter-output>
  </reporter-output>
  <suite started-at="2022-10-16T15:50:04 BDT" name="Default suite" finished-at="2022-10-16T15:50:54 BDT" duration-ms="49919">
    <groups>
    </groups>
    <test started-at="2022-10-16T15:50:04 BDT" name="Default test" finished-at="2022-10-16T15:50:54 BDT" duration-ms="49919">
      <class name="testcases.IndexPageTest">
        <test-method is-config="true" signature="loadConfig()[pri:0, instance:testcases.IndexPageTest@5939a379]" started-at="2022-10-16T15:50:04 BDT" name="loadConfig" finished-at="2022-10-16T15:50:04 BDT" duration-ms="15" status="PASS">
          <reporter-output>
          </reporter-output>
        </test-method> <!-- loadConfig -->
        <test-method is-config="true" signature="setup()[pri:0, instance:testcases.IndexPageTest@5939a379]" started-at="2022-10-16T15:50:04 BDT" name="setup" finished-at="2022-10-16T15:50:34 BDT" duration-ms="30629" status="PASS">
          <reporter-output>
          </reporter-output>
        </test-method> <!-- setup -->
        <test-method signature="verifyLogo()[pri:0, instance:testcases.IndexPageTest@5939a379]" started-at="2022-10-16T15:50:34 BDT" name="verifyLogo" finished-at="2022-10-16T15:50:35 BDT" duration-ms="238" status="PASS">
          <reporter-output>
          </reporter-output>
        </test-method> <!-- verifyLogo -->
        <test-method is-config="true" signature="tearDown()[pri:0, instance:testcases.IndexPageTest@5939a379]" started-at="2022-10-16T15:50:35 BDT" name="tearDown" finished-at="2022-10-16T15:50:35 BDT" duration-ms="509" status="PASS">
          <reporter-output>
          </reporter-output>
        </test-method> <!-- tearDown -->
        <test-method is-config="true" signature="setup()[pri:0, instance:testcases.IndexPageTest@5939a379]" started-at="2022-10-16T15:50:35 BDT" name="setup" finished-at="2022-10-16T15:50:53 BDT" duration-ms="18202" status="PASS">
          <reporter-output>
          </reporter-output>
        </test-method> <!-- setup -->
        <test-method signature="verifyTitle()[pri:0, instance:testcases.IndexPageTest@5939a379]" started-at="2022-10-16T15:50:53 BDT" name="verifyTitle" finished-at="2022-10-16T15:50:53 BDT" duration-ms="13" status="PASS">
          <reporter-output>
          </reporter-output>
        </test-method> <!-- verifyTitle -->
        <test-method is-config="true" signature="tearDown()[pri:0, instance:testcases.IndexPageTest@5939a379]" started-at="2022-10-16T15:50:53 BDT" name="tearDown" finished-at="2022-10-16T15:50:54 BDT" duration-ms="250" status="PASS">
          <reporter-output>
          </reporter-output>
        </test-method> <!-- tearDown -->
      </class> <!-- testcases.IndexPageTest -->
    </test> <!-- Default test -->
  </suite> <!-- Default suite -->
</testng-results>
