<?xml version="1.0" encoding="UTF-8"?>
<testng-results ignored="0" total="1" passed="1" failed="0" skipped="0">
  <reporter-output>
  </reporter-output>
  <suite started-at="2022-10-17T08:07:40 BDT" name="Default suite" finished-at="2022-10-17T08:08:10 BDT" duration-ms="29699">
    <groups>
    </groups>
    <test started-at="2022-10-17T08:07:40 BDT" name="Default test" finished-at="2022-10-17T08:08:10 BDT" duration-ms="29699">
      <class name="testcases.CartPageTest">
        <test-method is-config="true" signature="loadConfig()[pri:0, instance:testcases.CartPageTest@5136d012]" started-at="2022-10-17T08:07:40 BDT" name="loadConfig" finished-at="2022-10-17T08:07:40 BDT" duration-ms="21" status="PASS">
          <reporter-output>
          </reporter-output>
        </test-method> <!-- loadConfig -->
        <test-method is-config="true" signature="setup()[pri:0, instance:testcases.CartPageTest@5136d012]" started-at="2022-10-17T08:07:40 BDT" name="setup" finished-at="2022-10-17T08:07:54 BDT" duration-ms="13698" status="PASS">
          <reporter-output>
          </reporter-output>
        </test-method> <!-- setup -->
        <test-method signature="addToCartTest()[pri:0, instance:testcases.CartPageTest@5136d012]" started-at="2022-10-17T08:07:54 BDT" name="addToCartTest" finished-at="2022-10-17T08:08:09 BDT" duration-ms="14727" status="PASS">
          <reporter-output>
          </reporter-output>
        </test-method> <!-- addToCartTest -->
        <test-method is-config="true" signature="tearDown()[pri:0, instance:testcases.CartPageTest@5136d012]" started-at="2022-10-17T08:08:09 BDT" name="tearDown" finished-at="2022-10-17T08:08:10 BDT" duration-ms="1194" status="PASS">
          <reporter-output>
          </reporter-output>
        </test-method> <!-- tearDown -->
      </class> <!-- testcases.CartPageTest -->
    </test> <!-- Default test -->
  </suite> <!-- Default suite -->
</testng-results>
